<?xml version="1.0" encoding="UTF-8"?>
<!-- Generated by org.testng.reporters.JUnitReportReporter -->
<testsuite hostname="Trupti_16" failures="0" tests="2" name="TestCases.TC_002_LoginTest" time="4.713" errors="0" timestamp="2025-05-20T23:15:39 IST" skipped="0">
  <testcase classname="TestCases.TC_002_LoginTest" name="verifyLoginTest" time="3.159"/>
  <testcase classname="TestCases.TC_002_LoginTest" name="verifyLoginTest" time="1.554"/>
</testsuite> <!-- TestCases.TC_002_LoginTest -->
