<?xml version="1.0" encoding="UTF-8"?>
<!-- Generated by org.testng.reporters.JUnitReportReporter -->
<testsuite hostname="Trupti_16" failures="0" tests="2" name="TestCases.TC_001_AccountRegistration" time="5.697" errors="0" timestamp="2025-05-20T23:15:39 IST" skipped="0">
  <testcase classname="TestCases.TC_001_AccountRegistration" name="Verify_Account_Registration" time="3.108"/>
  <testcase classname="TestCases.TC_001_AccountRegistration" name="Verify_Account_Registration" time="2.589"/>
</testsuite> <!-- TestCases.TC_001_AccountRegistration -->
