<?xml version="1.0" encoding="UTF-8"?>
<!-- Generated by org.testng.reporters.JUnitReportReporter -->
<testsuite hostname="Trupti_16" failures="0" tests="2" name="TestCases.TC_001_AccountRegistration" time="4.593" errors="0" timestamp="2025-05-21T19:30:52 IST" skipped="0">
  <testcase classname="TestCases.TC_001_AccountRegistration" name="Verify_Account_Registration" time="2.483"/>
  <testcase classname="TestCases.TC_001_AccountRegistration" name="Verify_Account_Registration" time="2.110"/>
</testsuite> <!-- TestCases.TC_001_AccountRegistration -->
