<?xml version="1.0" encoding="UTF-8"?>
<!-- Generated by org.testng.reporters.JUnitReportReporter -->
<testsuite hostname="Trupti_16" failures="0" tests="1" name="TestCases.TC_002_LoginTest" time="1.922" errors="0" timestamp="2025-05-21T21:17:52 IST" skipped="0">
  <testcase classname="TestCases.TC_002_LoginTest" name="verifyLoginTest" time="1.922"/>
</testsuite> <!-- TestCases.TC_002_LoginTest -->
