<?xml version="1.0" encoding="UTF-8"?>
<!-- Generated by org.testng.reporters.JUnitReportReporter -->
<testsuite hostname="Trupti_16" failures="0" tests="1" name="TestCases.TC_002_LoginTest" time="4.344" errors="0" timestamp="2025-05-18T23:03:10 IST" skipped="0">
  <testcase classname="TestCases.TC_002_LoginTest" name="Verify_Login_Test" time="4.344"/>
</testsuite> <!-- TestCases.TC_002_LoginTest -->
